<?xml version="1.0" encoding="UTF-8"?>
<robot generator="Robot 7.3.2 (Python 3.12.3 on linux)" generated="2025-11-11T22:02:08.799164" rpa="false" schemaversion="5">
<suite id="s1" name="Tests" source="/home/mosse/opiskelu/ohtu/webcounter/src/tests">
<suite id="s1-s1" name="Increment" source="/home/mosse/opiskelu/ohtu/webcounter/src/tests/increment.robot">
<kw name="Open And Configure Browser" owner="resource" type="SETUP">
<kw name="Set Selenium Speed" owner="SeleniumLibrary">
<arg>${DELAY}</arg>
<doc>Sets the delay that is waited after each Selenium command.</doc>
<status status="PASS" start="2025-11-11T22:02:08.989910" elapsed="0.000195"/>
</kw>
<kw name="Open Browser" owner="SeleniumLibrary">
<msg time="2025-11-11T22:02:08.990347" level="INFO">Opening browser 'chrome' to base url 'None'.</msg>
<msg time="2025-11-11T22:02:10.948129" level="INFO">Cannot capture screenshot because no browser is open.</msg>
<msg time="2025-11-11T22:02:10.948263" level="FAIL">SessionNotCreatedException: Message: session not created
from unknown error: no chrome binary at /usr/bin/google-chrome; For documentation on this error, please visit: https://www.selenium.dev/documentation/webdriver/troubleshooting/errors#sessionnotcreatedexception
Stacktrace:
#0 0x572e08461e3a &lt;unknown&gt;
#1 0x572e07f1179b &lt;unknown&gt;
#2 0x572e07f4c5d9 &lt;unknown&gt;
#3 0x572e07f4b33f &lt;unknown&gt;
#4 0x572e07f9a9bc &lt;unknown&gt;
#5 0x572e07f9a136 &lt;unknown&gt;
#6 0x572e07f8bd73 &lt;unknown&gt;
#7 0x572e07f5835c &lt;unknown&gt;
#8 0x572e07f59051 &lt;unknown&gt;
#9 0x572e0842c13f &lt;unknown&gt;
#10 0x572e0842f258 &lt;unknown&gt;
#11 0x572e0841581c &lt;unknown&gt;
#12 0x572e0842fa1e &lt;unknown&gt;
#13 0x572e083fe31e &lt;unknown&gt;
#14 0x572e0844ff18 &lt;unknown&gt;
#15 0x572e08450134 &lt;unknown&gt;
#16 0x572e08460afc &lt;unknown&gt;
#17 0x7d3230694ac3 &lt;unknown&gt;
</msg>
<arg>browser=${BROWSER}</arg>
<doc>Opens a new browser instance to the optional ``url``.</doc>
<status status="FAIL" start="2025-11-11T22:02:08.990212" elapsed="1.962175">SessionNotCreatedException: Message: session not created
from unknown error: no chrome binary at /usr/bin/google-chrome; For documentation on this error, please visit: https://www.selenium.dev/documentation/webdriver/troubleshooting/errors#sessionnotcreatedexception
Stacktrace:
#0 0x572e08461e3a &lt;unknown&gt;
#1 0x572e07f1179b &lt;unknown&gt;
#2 0x572e07f4c5d9 &lt;unknown&gt;
#3 0x572e07f4b33f &lt;unknown&gt;
#4 0x572e07f9a9bc &lt;unknown&gt;
#5 0x572e07f9a136 &lt;unknown&gt;
#6 0x572e07f8bd73 &lt;unknown&gt;
#7 0x572e07f5835c &lt;unknown&gt;
#8 0x572e07f59051 &lt;unknown&gt;
#9 0x572e0842c13f &lt;unknown&gt;
#10 0x572e0842f258 &lt;unknown&gt;
#11 0x572e0841581c &lt;unknown&gt;
#12 0x572e0842fa1e &lt;unknown&gt;
#13 0x572e083fe31e &lt;unknown&gt;
#14 0x572e0844ff18 &lt;unknown&gt;
#15 0x572e08450134 &lt;unknown&gt;
#16 0x572e08460afc &lt;unknown&gt;
#17 0x7d3230694ac3 &lt;unknown&gt;
</status>
</kw>
<status status="FAIL" start="2025-11-11T22:02:08.989556" elapsed="1.962985">SessionNotCreatedException: Message: session not created
from unknown error: no chrome binary at /usr/bin/google-chrome; For documentation on this error, please visit: https://www.selenium.dev/documentation/webdriver/troubleshooting/errors#sessionnotcreatedexception
Stacktrace:
#0 0x572e08461e3a &lt;unknown&gt;
#1 0x572e07f1179b &lt;unknown&gt;
#2 0x572e07f4c5d9 &lt;unknown&gt;
#3 0x572e07f4b33f &lt;unknown&gt;
#4 0x572e07f9a9bc &lt;unknown&gt;
#5 0x572e07f9a136 &lt;unknown&gt;
#6 0x572e07f8bd73 &lt;unknown&gt;
#7 0x572e07f5835c &lt;unknown&gt;
#8 0x572e07f59051 &lt;unknown&gt;
#9 0x572e0842c13f &lt;unknown&gt;
#10 0x572e0842f258 &lt;unknown&gt;
#11 0x572e0841581c &lt;unknown&gt;
#12 0x572e0842fa1e &lt;unknown&gt;
#13 0x572e083fe31e &lt;unknown&gt;
#14 0x572e0844ff18 &lt;unknown&gt;
#15 0x572e08450134 &lt;unknown&gt;
#16 0x572e08460afc &lt;unknown&gt;
#17 0x7d3230694ac3 &lt;unknown&gt;
</status>
</kw>
<test id="s1-s1-t1" name="At start the counter is zero" line="7">
<status status="FAIL" start="2025-11-11T22:02:10.952607" elapsed="0.000332">Parent suite setup failed:
SessionNotCreatedException: Message: session not created
from unknown error: no chrome binary at /usr/bin/google-chrome; For documentation on this error, please visit: https://www.selenium.dev/documentation/webdriver/troubleshooting/errors#sessionnotcreatedexception
Stacktrace:
#0 0x572e08461e3a &lt;unknown&gt;
#1 0x572e07f1179b &lt;unknown&gt;
#2 0x572e07f4c5d9 &lt;unknown&gt;
#3 0x572e07f4b33f &lt;unknown&gt;
#4 0x572e07f9a9bc &lt;unknown&gt;
#5 0x572e07f9a136 &lt;unknown&gt;
#6 0x572e07f8bd73 &lt;unknown&gt;
#7 0x572e07f5835c &lt;unknown&gt;
#8 0x572e07f59051 &lt;unknown&gt;
#9 0x572e0842c13f &lt;unknown&gt;
#10 0x572e0842f258 &lt;unknown&gt;
#11 0x572e0841581c &lt;unknown&gt;
#12 0x572e0842fa1e &lt;unknown&gt;
#13 0x572e083fe31e &lt;unknown&gt;
#14 0x572e0844ff18 &lt;unknown&gt;
#15 0x572e08450134 &lt;unknown&gt;
#16 0x572e08460afc &lt;unknown&gt;
#17 0x7d3230694ac3 &lt;unknown&gt;
</status>
</test>
<test id="s1-s1-t2" name="When button pressed twice the counter is two" line="12">
<status status="FAIL" start="2025-11-11T22:02:10.953150" elapsed="0.000177">Parent suite setup failed:
SessionNotCreatedException: Message: session not created
from unknown error: no chrome binary at /usr/bin/google-chrome; For documentation on this error, please visit: https://www.selenium.dev/documentation/webdriver/troubleshooting/errors#sessionnotcreatedexception
Stacktrace:
#0 0x572e08461e3a &lt;unknown&gt;
#1 0x572e07f1179b &lt;unknown&gt;
#2 0x572e07f4c5d9 &lt;unknown&gt;
#3 0x572e07f4b33f &lt;unknown&gt;
#4 0x572e07f9a9bc &lt;unknown&gt;
#5 0x572e07f9a136 &lt;unknown&gt;
#6 0x572e07f8bd73 &lt;unknown&gt;
#7 0x572e07f5835c &lt;unknown&gt;
#8 0x572e07f59051 &lt;unknown&gt;
#9 0x572e0842c13f &lt;unknown&gt;
#10 0x572e0842f258 &lt;unknown&gt;
#11 0x572e0841581c &lt;unknown&gt;
#12 0x572e0842fa1e &lt;unknown&gt;
#13 0x572e083fe31e &lt;unknown&gt;
#14 0x572e0844ff18 &lt;unknown&gt;
#15 0x572e08450134 &lt;unknown&gt;
#16 0x572e08460afc &lt;unknown&gt;
#17 0x7d3230694ac3 &lt;unknown&gt;
</status>
</test>
<kw name="Close Browser" owner="SeleniumLibrary" type="TEARDOWN">
<doc>Closes the current browser.</doc>
<status status="PASS" start="2025-11-11T22:02:10.953799" elapsed="0.000105"/>
</kw>
<status status="FAIL" start="2025-11-11T22:02:08.813685" elapsed="2.140255">Suite setup failed:
SessionNotCreatedException: Message: session not created
from unknown error: no chrome binary at /usr/bin/google-chrome; For documentation on this error, please visit: https://www.selenium.dev/documentation/webdriver/troubleshooting/errors#sessionnotcreatedexception
Stacktrace:
#0 0x572e08461e3a &lt;unknown&gt;
#1 0x572e07f1179b &lt;unknown&gt;
#2 0x572e07f4c5d9 &lt;unknown&gt;
#3 0x572e07f4b33f &lt;unknown&gt;
#4 0x572e07f9a9bc &lt;unknown&gt;
#5 0x572e07f9a136 &lt;unknown&gt;
#6 0x572e07f8bd73 &lt;unknown&gt;
#7 0x572e07f5835c &lt;unknown&gt;
#8 0x572e07f59051 &lt;unknown&gt;
#9 0x572e0842c13f &lt;unknown&gt;
#10 0x572e0842f258 &lt;unknown&gt;
#11 0x572e0841581c &lt;unknown&gt;
#12 0x572e0842fa1e &lt;unknown&gt;
#13 0x572e083fe31e &lt;unknown&gt;
#14 0x572e0844ff18 &lt;unknown&gt;
#15 0x572e08450134 &lt;unknown&gt;
#16 0x572e08460afc &lt;unknown&gt;
#17 0x7d3230694ac3 &lt;unknown&gt;
</status>
</suite>
<status status="FAIL" start="2025-11-11T22:02:08.799688" elapsed="2.154595"/>
</suite>
<statistics>
<total>
<stat pass="0" fail="2" skip="0">All Tests</stat>
</total>
<tag>
</tag>
<suite>
<stat name="Tests" id="s1" pass="0" fail="2" skip="0">Tests</stat>
<stat name="Increment" id="s1-s1" pass="0" fail="2" skip="0">Tests.Increment</stat>
</suite>
</statistics>
<errors>
</errors>
</robot>
